{"C:\\Users\\Sharon\\Documents\\GitHub\\sezzle\\frontend\\src\\api\\calculatorApi.ts": {"path":"C:\\Users\\Sharon\\Documents\\GitHub\\sezzle\\frontend\\src\\api\\calculatorApi.ts","statementMap":{"0":{"start":{"line":23,"column":4},"end":{"line":23,"column":null}},"1":{"start":{"line":24,"column":4},"end":{"line":24,"column":null}},"2":{"start":{"line":28,"column":17},"end":{"line":28,"column":null}},"3":{"start":{"line":32,"column":2},"end":{"line":40,"column":null}},"4":{"start":{"line":33,"column":4},"end":{"line":37,"column":null}},"5":{"start":{"line":39,"column":4},"end":{"line":39,"column":null}},"6":{"start":{"line":42,"column":15},"end":{"line":42,"column":null}},"7":{"start":{"line":42,"column":49},"end":{"line":42,"column":53}},"8":{"start":{"line":44,"column":2},"end":{"line":46,"column":null}},"9":{"start":{"line":45,"column":4},"end":{"line":45,"column":null}},"10":{"start":{"line":48,"column":2},"end":{"line":48,"column":null}},"11":{"start":{"line":51,"column":29},"end":{"line":59,"column":null}},"12":{"start":{"line":52,"column":33},"end":{"line":52,"column":null}},"13":{"start":{"line":53,"column":38},"end":{"line":53,"column":null}},"14":{"start":{"line":54,"column":38},"end":{"line":54,"column":null}},"15":{"start":{"line":55,"column":36},"end":{"line":55,"column":null}},"16":{"start":{"line":56,"column":35},"end":{"line":56,"column":null}},"17":{"start":{"line":57,"column":23},"end":{"line":57,"column":null}},"18":{"start":{"line":58,"column":40},"end":{"line":58,"column":null}},"19":{"start":{"line":68,"column":2},"end":{"line":83,"column":null}},"20":{"start":{"line":70,"column":6},"end":{"line":70,"column":null}},"21":{"start":{"line":72,"column":6},"end":{"line":72,"column":null}},"22":{"start":{"line":74,"column":6},"end":{"line":74,"column":null}},"23":{"start":{"line":76,"column":6},"end":{"line":76,"column":null}},"24":{"start":{"line":78,"column":6},"end":{"line":78,"column":null}},"25":{"start":{"line":80,"column":6},"end":{"line":80,"column":null}},"26":{"start":{"line":82,"column":6},"end":{"line":82,"column":null}},"27":{"start":{"line":88,"column":2},"end":{"line":88,"column":null}}},"fnMap":{"0":{"name":"constructor","decl":{"start":{"line":22,"column":2},"end":{"line":22,"column":14}},"loc":{"start":{"line":22,"column":31},"end":{"line":25,"column":null}},"line":22},"1":{"name":"post","decl":{"start":{"line":30,"column":15},"end":{"line":30,"column":20}},"loc":{"start":{"line":30,"column":74},"end":{"line":49,"column":null}},"line":30},"2":{"name":"(anonymous_2)","decl":{"start":{"line":42,"column":37},"end":{"line":42,"column":49}},"loc":{"start":{"line":42,"column":49},"end":{"line":42,"column":53}},"line":42},"3":{"name":"(anonymous_3)","decl":{"start":{"line":52,"column":2},"end":{"line":52,"column":8}},"loc":{"start":{"line":52,"column":33},"end":{"line":52,"column":null}},"line":52},"4":{"name":"(anonymous_4)","decl":{"start":{"line":53,"column":2},"end":{"line":53,"column":13}},"loc":{"start":{"line":53,"column":38},"end":{"line":53,"column":null}},"line":53},"5":{"name":"(anonymous_5)","decl":{"start":{"line":54,"column":2},"end":{"line":54,"column":13}},"loc":{"start":{"line":54,"column":38},"end":{"line":54,"column":null}},"line":54},"6":{"name":"(anonymous_6)","decl":{"start":{"line":55,"column":2},"end":{"line":55,"column":11}},"loc":{"start":{"line":55,"column":36},"end":{"line":55,"column":null}},"line":55},"7":{"name":"(anonymous_7)","decl":{"start":{"line":56,"column":2},"end":{"line":56,"column":10}},"loc":{"start":{"line":56,"column":35},"end":{"line":56,"column":null}},"line":56},"8":{"name":"(anonymous_8)","decl":{"start":{"line":57,"column":2},"end":{"line":57,"column":9}},"loc":{"start":{"line":57,"column":23},"end":{"line":57,"column":null}},"line":57},"9":{"name":"(anonymous_9)","decl":{"start":{"line":58,"column":2},"end":{"line":58,"column":15}},"loc":{"start":{"line":58,"column":40},"end":{"line":58,"column":null}},"line":58},"10":{"name":"callOperation","decl":{"start":{"line":63,"column":16},"end":{"line":63,"column":null}},"loc":{"start":{"line":67,"column":28},"end":{"line":84,"column":null}},"line":67},"11":{"name":"requiresSecondOperand","decl":{"start":{"line":87,"column":16},"end":{"line":87,"column":38}},"loc":{"start":{"line":87,"column":69},"end":{"line":89,"column":null}},"line":87}},"branchMap":{"0":{"loc":{"start":{"line":28,"column":17},"end":{"line":28,"column":null}},"type":"binary-expr","locations":[{"start":{"line":28,"column":17},"end":{"line":28,"column":54}},{"start":{"line":28,"column":54},"end":{"line":28,"column":null}}],"line":28},"1":{"loc":{"start":{"line":44,"column":2},"end":{"line":46,"column":null}},"type":"if","locations":[{"start":{"line":44,"column":2},"end":{"line":46,"column":null}},{"start":{},"end":{}}],"line":44},"2":{"loc":{"start":{"line":45,"column":23},"end":{"line":45,"column":83}},"type":"binary-expr","locations":[{"start":{"line":45,"column":23},"end":{"line":45,"column":38}},{"start":{"line":45,"column":38},"end":{"line":45,"column":83}}],"line":45},"3":{"loc":{"start":{"line":68,"column":2},"end":{"line":83,"column":null}},"type":"switch","locations":[{"start":{"line":69,"column":4},"end":{"line":70,"column":null}},{"start":{"line":71,"column":4},"end":{"line":72,"column":null}},{"start":{"line":73,"column":4},"end":{"line":74,"column":null}},{"start":{"line":75,"column":4},"end":{"line":76,"column":null}},{"start":{"line":77,"column":4},"end":{"line":78,"column":null}},{"start":{"line":79,"column":4},"end":{"line":80,"column":null}},{"start":{"line":81,"column":4},"end":{"line":82,"column":null}}],"line":68}},"s":{"0":4,"1":4,"2":2,"3":6,"4":6,"5":1,"6":5,"7":0,"8":5,"9":2,"10":3,"11":2,"12":3,"13":0,"14":0,"15":2,"16":0,"17":1,"18":0,"19":1,"20":0,"21":0,"22":0,"23":0,"24":0,"25":1,"26":0,"27":23},"f":{"0":4,"1":6,"2":0,"3":3,"4":0,"5":0,"6":2,"7":0,"8":1,"9":0,"10":1,"11":23},"b":{"0":[2,0],"1":[2,3],"2":[2,0],"3":[0,0,0,0,0,1,0]},"meta":{"lastBranch":4,"lastFunction":12,"lastStatement":28,"seen":{"f:22:2:22:14":0,"s:23:4:23:Infinity":0,"s:24:4:24:Infinity":1,"s:28:17:28:Infinity":2,"b:28:17:28:54:28:54:28:Infinity":0,"f:30:15:30:20":1,"s:32:2:40:Infinity":3,"s:33:4:37:Infinity":4,"s:39:4:39:Infinity":5,"s:42:15:42:Infinity":6,"f:42:37:42:49":2,"s:42:49:42:53":7,"b:44:2:46:Infinity:undefined:undefined:undefined:undefined":1,"s:44:2:46:Infinity":8,"s:45:4:45:Infinity":9,"b:45:23:45:38:45:38:45:83":2,"s:48:2:48:Infinity":10,"s:51:29:59:Infinity":11,"f:52:2:52:8":3,"s:52:33:52:Infinity":12,"f:53:2:53:13":4,"s:53:38:53:Infinity":13,"f:54:2:54:13":5,"s:54:38:54:Infinity":14,"f:55:2:55:11":6,"s:55:36:55:Infinity":15,"f:56:2:56:10":7,"s:56:35:56:Infinity":16,"f:57:2:57:9":8,"s:57:23:57:Infinity":17,"f:58:2:58:15":9,"s:58:40:58:Infinity":18,"f:63:16:63:Infinity":10,"b:69:4:70:Infinity:71:4:72:Infinity:73:4:74:Infinity:75:4:76:Infinity:77:4:78:Infinity:79:4:80:Infinity:81:4:82:Infinity":3,"s:68:2:83:Infinity":19,"s:70:6:70:Infinity":20,"s:72:6:72:Infinity":21,"s:74:6:74:Infinity":22,"s:76:6:76:Infinity":23,"s:78:6:78:Infinity":24,"s:80:6:80:Infinity":25,"s:82:6:82:Infinity":26,"f:87:16:87:38":11,"s:88:2:88:Infinity":27},"fnNames":{}}}
,"C:\\Users\\Sharon\\Documents\\GitHub\\sezzle\\frontend\\src\\components\\Calculator.css": {"path":"C:\\Users\\Sharon\\Documents\\GitHub\\sezzle\\frontend\\src\\components\\Calculator.css","statementMap":{},"fnMap":{},"branchMap":{},"s":{},"f":{},"b":{},"meta":{"lastBranch":0,"lastFunction":0,"lastStatement":0,"seen":{},"fnNames":{}}}
,"C:\\Users\\Sharon\\Documents\\GitHub\\sezzle\\frontend\\src\\components\\Calculator.tsx": {"path":"C:\\Users\\Sharon\\Documents\\GitHub\\sezzle\\frontend\\src\\components\\Calculator.tsx","statementMap":{"0":{"start":{"line":10,"column":74},"end":{"line":18,"column":null}},"1":{"start":{"line":23,"column":2},"end":{"line":23,"column":null}},"2":{"start":{"line":23,"column":25},"end":{"line":23,"column":null}},"3":{"start":{"line":24,"column":16},"end":{"line":24,"column":null}},"4":{"start":{"line":25,"column":2},"end":{"line":25,"column":null}},"5":{"start":{"line":29,"column":36},"end":{"line":29,"column":null}},"6":{"start":{"line":30,"column":30},"end":{"line":30,"column":null}},"7":{"start":{"line":31,"column":30},"end":{"line":31,"column":null}},"8":{"start":{"line":32,"column":30},"end":{"line":32,"column":null}},"9":{"start":{"line":33,"column":28},"end":{"line":33,"column":null}},"10":{"start":{"line":34,"column":36},"end":{"line":34,"column":null}},"11":{"start":{"line":36,"column":17},"end":{"line":36,"column":null}},"12":{"start":{"line":39,"column":4},"end":{"line":39,"column":null}},"13":{"start":{"line":40,"column":4},"end":{"line":40,"column":null}},"14":{"start":{"line":41,"column":4},"end":{"line":41,"column":null}},"15":{"start":{"line":43,"column":14},"end":{"line":43,"column":null}},"16":{"start":{"line":44,"column":4},"end":{"line":47,"column":null}},"17":{"start":{"line":45,"column":6},"end":{"line":45,"column":null}},"18":{"start":{"line":46,"column":6},"end":{"line":46,"column":null}},"19":{"start":{"line":49,"column":12},"end":{"line":49,"column":null}},"20":{"start":{"line":50,"column":4},"end":{"line":57,"column":null}},"21":{"start":{"line":51,"column":22},"end":{"line":51,"column":null}},"22":{"start":{"line":52,"column":6},"end":{"line":55,"column":null}},"23":{"start":{"line":53,"column":8},"end":{"line":53,"column":null}},"24":{"start":{"line":54,"column":8},"end":{"line":54,"column":null}},"25":{"start":{"line":56,"column":6},"end":{"line":56,"column":null}},"26":{"start":{"line":59,"column":4},"end":{"line":59,"column":null}},"27":{"start":{"line":60,"column":4},"end":{"line":67,"column":null}},"28":{"start":{"line":61,"column":25},"end":{"line":61,"column":null}},"29":{"start":{"line":62,"column":6},"end":{"line":62,"column":null}},"30":{"start":{"line":64,"column":6},"end":{"line":64,"column":null}},"31":{"start":{"line":66,"column":6},"end":{"line":66,"column":null}},"32":{"start":{"line":70,"column":21},"end":{"line":70,"column":null}},"33":{"start":{"line":70,"column":45},"end":{"line":70,"column":67}},"34":{"start":{"line":72,"column":2},"end":{"line":144,"column":null}},"35":{"start":{"line":82,"column":14},"end":{"line":82,"column":null}},"36":{"start":{"line":83,"column":14},"end":{"line":83,"column":null}},"37":{"start":{"line":84,"column":14},"end":{"line":84,"column":null}},"38":{"start":{"line":88,"column":14},"end":{"line":90,"column":null}},"39":{"start":{"line":102,"column":31},"end":{"line":102,"column":null}},"40":{"start":{"line":119,"column":35},"end":{"line":119,"column":null}}},"fnMap":{"0":{"name":"parseOperand","decl":{"start":{"line":22,"column":9},"end":{"line":22,"column":22}},"loc":{"start":{"line":22,"column":50},"end":{"line":26,"column":null}},"line":22},"1":{"name":"Calculator","decl":{"start":{"line":28,"column":16},"end":{"line":28,"column":29}},"loc":{"start":{"line":28,"column":29},"end":{"line":146,"column":null}},"line":28},"2":{"name":"handleSubmit","decl":{"start":{"line":38,"column":17},"end":{"line":38,"column":30}},"loc":{"start":{"line":38,"column":44},"end":{"line":68,"column":null}},"line":38},"3":{"name":"(anonymous_3)","decl":{"start":{"line":70,"column":32},"end":{"line":70,"column":38}},"loc":{"start":{"line":70,"column":45},"end":{"line":70,"column":67}},"line":70},"4":{"name":"(anonymous_4)","decl":{"start":{"line":81,"column":12},"end":{"line":81,"column":23}},"loc":{"start":{"line":81,"column":29},"end":{"line":85,"column":null}},"line":81},"5":{"name":"(anonymous_5)","decl":{"start":{"line":87,"column":24},"end":{"line":87,"column":29}},"loc":{"start":{"line":88,"column":14},"end":{"line":90,"column":null}},"line":88},"6":{"name":"(anonymous_6)","decl":{"start":{"line":102,"column":14},"end":{"line":102,"column":25}},"loc":{"start":{"line":102,"column":31},"end":{"line":102,"column":null}},"line":102},"7":{"name":"(anonymous_7)","decl":{"start":{"line":119,"column":18},"end":{"line":119,"column":29}},"loc":{"start":{"line":119,"column":35},"end":{"line":119,"column":null}},"line":119}},"branchMap":{"0":{"loc":{"start":{"line":23,"column":2},"end":{"line":23,"column":null}},"type":"if","locations":[{"start":{"line":23,"column":2},"end":{"line":23,"column":null}},{"start":{},"end":{}}],"line":23},"1":{"loc":{"start":{"line":25,"column":9},"end":{"line":25,"column":null}},"type":"cond-expr","locations":[{"start":{"line":25,"column":34},"end":{"line":25,"column":42}},{"start":{"line":25,"column":42},"end":{"line":25,"column":null}}],"line":25},"2":{"loc":{"start":{"line":44,"column":4},"end":{"line":47,"column":null}},"type":"if","locations":[{"start":{"line":44,"column":4},"end":{"line":47,"column":null}},{"start":{},"end":{}}],"line":44},"3":{"loc":{"start":{"line":50,"column":4},"end":{"line":57,"column":null}},"type":"if","locations":[{"start":{"line":50,"column":4},"end":{"line":57,"column":null}},{"start":{},"end":{}}],"line":50},"4":{"loc":{"start":{"line":52,"column":6},"end":{"line":55,"column":null}},"type":"if","locations":[{"start":{"line":52,"column":6},"end":{"line":55,"column":null}},{"start":{},"end":{}}],"line":52},"5":{"loc":{"start":{"line":64,"column":15},"end":{"line":64,"column":85}},"type":"cond-expr","locations":[{"start":{"line":64,"column":41},"end":{"line":64,"column":55}},{"start":{"line":64,"column":55},"end":{"line":64,"column":85}}],"line":64},"6":{"loc":{"start":{"line":97,"column":19},"end":{"line":97,"column":55}},"type":"cond-expr","locations":[{"start":{"line":97,"column":28},"end":{"line":97,"column":40}},{"start":{"line":97,"column":40},"end":{"line":97,"column":55}}],"line":97},"7":{"loc":{"start":{"line":108,"column":11},"end":{"line":126,"column":null}},"type":"binary-expr","locations":[{"start":{"line":108,"column":11},"end":{"line":108,"column":null}},{"start":{"line":109,"column":12},"end":{"line":126,"column":null}}],"line":108},"8":{"loc":{"start":{"line":129,"column":11},"end":{"line":129,"column":null}},"type":"cond-expr","locations":[{"start":{"line":129,"column":23},"end":{"line":129,"column":41}},{"start":{"line":129,"column":41},"end":{"line":129,"column":null}}],"line":129},"9":{"loc":{"start":{"line":133,"column":7},"end":{"line":136,"column":null}},"type":"binary-expr","locations":[{"start":{"line":133,"column":7},"end":{"line":133,"column":null}},{"start":{"line":134,"column":8},"end":{"line":136,"column":null}}],"line":133},"10":{"loc":{"start":{"line":139,"column":7},"end":{"line":142,"column":null}},"type":"binary-expr","locations":[{"start":{"line":139,"column":7},"end":{"line":139,"column":26}},{"start":{"line":139,"column":26},"end":{"line":139,"column":null}},{"start":{"line":140,"column":8},"end":{"line":142,"column":null}}],"line":139}},"s":{"0":1,"1":5,"2":0,"3":5,"4":5,"5":20,"6":20,"7":20,"8":20,"9":20,"10":20,"11":20,"12":3,"13":3,"14":3,"15":3,"16":3,"17":1,"18":1,"19":2,"20":2,"21":2,"22":2,"23":0,"24":0,"25":2,"26":2,"27":2,"28":2,"29":1,"30":1,"31":2,"32":20,"33":40,"34":20,"35":2,"36":2,"37":2,"38":140,"39":5,"40":3},"f":{"0":5,"1":20,"2":3,"3":40,"4":2,"5":140,"6":5,"7":3},"b":{"0":[0,5],"1":[4,1],"2":[1,2],"3":[2,0],"4":[0,2],"5":[1,0],"6":[19,1],"7":[20,19],"8":[2,18],"9":[20,2],"10":[20,1,1]},"meta":{"lastBranch":11,"lastFunction":8,"lastStatement":41,"seen":{"s:10:74:18:Infinity":0,"f:22:9:22:22":0,"b:23:2:23:Infinity:undefined:undefined:undefined:undefined":0,"s:23:2:23:Infinity":1,"s:23:25:23:Infinity":2,"s:24:16:24:Infinity":3,"s:25:2:25:Infinity":4,"b:25:34:25:42:25:42:25:Infinity":1,"f:28:16:28:29":1,"s:29:36:29:Infinity":5,"s:30:30:30:Infinity":6,"s:31:30:31:Infinity":7,"s:32:30:32:Infinity":8,"s:33:28:33:Infinity":9,"s:34:36:34:Infinity":10,"s:36:17:36:Infinity":11,"f:38:17:38:30":2,"s:39:4:39:Infinity":12,"s:40:4:40:Infinity":13,"s:41:4:41:Infinity":14,"s:43:14:43:Infinity":15,"b:44:4:47:Infinity:undefined:undefined:undefined:undefined":2,"s:44:4:47:Infinity":16,"s:45:6:45:Infinity":17,"s:46:6:46:Infinity":18,"s:49:12:49:Infinity":19,"b:50:4:57:Infinity:undefined:undefined:undefined:undefined":3,"s:50:4:57:Infinity":20,"s:51:22:51:Infinity":21,"b:52:6:55:Infinity:undefined:undefined:undefined:undefined":4,"s:52:6:55:Infinity":22,"s:53:8:53:Infinity":23,"s:54:8:54:Infinity":24,"s:56:6:56:Infinity":25,"s:59:4:59:Infinity":26,"s:60:4:67:Infinity":27,"s:61:25:61:Infinity":28,"s:62:6:62:Infinity":29,"s:64:6:64:Infinity":30,"b:64:41:64:55:64:55:64:85":5,"s:66:6:66:Infinity":31,"s:70:21:70:Infinity":32,"f:70:32:70:38":3,"s:70:45:70:67":33,"s:72:2:144:Infinity":34,"f:81:12:81:23":4,"s:82:14:82:Infinity":35,"s:83:14:83:Infinity":36,"s:84:14:84:Infinity":37,"f:87:24:87:29":5,"s:88:14:90:Infinity":38,"b:97:28:97:40:97:40:97:55":6,"f:102:14:102:25":6,"s:102:31:102:Infinity":39,"b:108:11:108:Infinity:109:12:126:Infinity":7,"f:119:18:119:29":7,"s:119:35:119:Infinity":40,"b:129:23:129:41:129:41:129:Infinity":8,"b:133:7:133:Infinity:134:8:136:Infinity":9,"b:139:7:139:26:139:26:139:Infinity:140:8:142:Infinity":10},"fnNames":{}}}
}
